<?xml version="1.0" encoding="UTF-8"?>
<!-- Generated by org.testng.reporters.JUnitReportReporter -->
<testsuite hostname="LAPTOP-TQMLEHCQ" failures="0" tests="2" name="Testng" time="0.009" errors="0" timestamp="2023-02-11T18:59:38 IST" skipped="0">
  <testcase classname="Testng" name="test2" time="0.002"/>
  <system-out/>
  <testcase classname="Testng" name="test1" time="0.007"/>
  <system-out/>
</testsuite> <!-- Testng -->
